profitcpa/build/outputs/logs/manifest-merger-debug-report.txt
-- Merging decision tree log ---
manifest
ADDED from src\main\AndroidManifest.xml:2:1-107:12
	package
		ADDED from src\main\AndroidManifest.xml:3:5-30
		INJECTED from src\main\AndroidManifest.xml
		INJECTED from src\main\AndroidManifest.xml
	android:versionName
		ADDED from src\main\AndroidManifest.xml:5:5-30
		INJECTED from src\main\AndroidManifest.xml
		INJECTED from src\main\AndroidManifest.xml
	android:versionCode
		ADDED from src\main\AndroidManifest.xml:4:5-28
		INJECTED from src\main\AndroidManifest.xml
		INJECTED from src\main\AndroidManifest.xml
	xmlns:android
		ADDED from src\main\AndroidManifest.xml:2:11-69
uses-sdk
ADDED from src\main\AndroidManifest.xml:7:5-9:41
MERGED from [com.android.support:multidex:1.0.1] AndroidManifest.xml:18:5-42
MERGED from [profitcpa-master:supertoasts:unspecified] AndroidManifest.xml:7:5-9:41
MERGED from [profitcpa-master:library:unspecified] AndroidManifest.xml:7:5-43
MERGED from [profitcpa-master:library:unspecified] AndroidManifest.xml:7:5-43
MERGED from [com.google.android.gms:play-services:9.2.1] AndroidManifest.xml:4:5-42
MERGED from [com.google.android.gms:play-services-ads:9.2.1] AndroidManifest.xml:19:5-42
MERGED from [com.google.android.gms:play-services-ads-lite:9.2.1] AndroidManifest.xml:23:5-42
MERGED from [com.google.android.gms:play-services-basement:9.2.1] AndroidManifest.xml:18:5-42
MERGED from [com.android.support:support-v4:24.0.0] AndroidManifest.xml:21:5-23:54
MERGED from [com.google.android.gms:play-services-base:9.2.1] AndroidManifest.xml:18:5-42
MERGED from [com.google.android.gms:play-services-basement:9.2.1] AndroidManifest.xml:18:5-42
MERGED from [com.android.support:support-v4:24.0.0] AndroidManifest.xml:21:5-23:54
MERGED from [com.google.android.gms:play-services-tasks:9.2.1] AndroidManifest.xml:4:5-43
MERGED from [com.google.android.gms:play-services-basement:9.2.1] AndroidManifest.xml:18:5-42
MERGED from [com.android.support:support-v4:24.0.0] AndroidManifest.xml:21:5-23:54
MERGED from [com.google.android.gms:play-services-clearcut:9.2.1] AndroidManifest.xml:18:5-42
MERGED from [com.google.android.gms:play-services-base:9.2.1] AndroidManifest.xml:18:5-42
MERGED from [com.google.android.gms:play-services-basement:9.2.1] AndroidManifest.xml:18:5-42
MERGED from [com.android.support:support-v4:24.0.0] AndroidManifest.xml:21:5-23:54
MERGED from [com.google.android.gms:play-services-tasks:9.2.1] AndroidManifest.xml:4:5-43
MERGED from [com.google.android.gms:play-services-basement:9.2.1] AndroidManifest.xml:18:5-42
MERGED from [com.android.support:support-v4:24.0.0] AndroidManifest.xml:21:5-23:54
MERGED from [com.google.android.gms:play-services-basement:9.2.1] AndroidManifest.xml:18:5-42
MERGED from [com.android.support:support-v4:24.0.0] AndroidManifest.xml:21:5-23:54
MERGED from [com.google.android.gms:play-services-basement:9.2.1] AndroidManifest.xml:18:5-42
MERGED from [com.android.support:support-v4:24.0.0] AndroidManifest.xml:21:5-23:54
MERGED from [com.google.android.gms:play-services-gass:9.2.1] AndroidManifest.xml:18:5-42
MERGED from [com.google.android.gms:play-services-basement:9.2.1] AndroidManifest.xml:18:5-42
MERGED from [com.android.support:support-v4:24.0.0] AndroidManifest.xml:21:5-23:54
MERGED from [com.google.android.gms:play-services-ads-lite:9.2.1] AndroidManifest.xml:23:5-42
MERGED from [com.google.android.gms:play-services-basement:9.2.1] AndroidManifest.xml:18:5-42
MERGED from [com.android.support:support-v4:24.0.0] AndroidManifest.xml:21:5-23:54
MERGED from [com.google.android.gms:play-services-analytics:9.2.1] AndroidManifest.xml:18:5-42
MERGED from [com.google.android.gms:play-services-analytics-impl:9.2.1] AndroidManifest.xml:18:5-42
MERGED from [com.google.android.gms:play-services-base:9.2.1] AndroidManifest.xml:18:5-42
MERGED from [com.google.android.gms:play-services-basement:9.2.1] AndroidManifest.xml:18:5-42
MERGED from [com.android.support:support-v4:24.0.0] AndroidManifest.xml:21:5-23:54
MERGED from [com.google.android.gms:play-services-tasks:9.2.1] AndroidManifest.xml:4:5-43
MERGED from [com.google.android.gms:play-services-basement:9.2.1] AndroidManifest.xml:18:5-42
MERGED from [com.android.support:support-v4:24.0.0] AndroidManifest.xml:21:5-23:54
MERGED from [com.google.android.gms:play-services-basement:9.2.1] AndroidManifest.xml:18:5-42
MERGED from [com.android.support:support-v4:24.0.0] AndroidManifest.xml:21:5-23:54
MERGED from [com.google.android.gms:play-services-base:9.2.1] AndroidManifest.xml:18:5-42
MERGED from [com.google.android.gms:play-services-basement:9.2.1] AndroidManifest.xml:18:5-42
MERGED from [com.android.support:support-v4:24.0.0] AndroidManifest.xml:21:5-23:54
MERGED from [com.google.android.gms:play-services-tasks:9.2.1] AndroidManifest.xml:4:5-43
MERGED from [com.google.android.gms:play-services-basement:9.2.1] AndroidManifest.xml:18:5-42
MERGED from [com.android.support:support-v4:24.0.0] AndroidManifest.xml:21:5-23:54
MERGED from [com.google.android.gms:play-services-basement:9.2.1] AndroidManifest.xml:18:5-42
MERGED from [com.android.support:support-v4:24.0.0] AndroidManifest.xml:21:5-23:54
MERGED from [com.google.android.gms:play-services-analytics-impl:9.2.1] AndroidManifest.xml:18:5-42
MERGED from [com.google.android.gms:play-services-base:9.2.1] AndroidManifest.xml:18:5-42
MERGED from [com.google.android.gms:play-services-basement:9.2.1] AndroidManifest.xml:18:5-42
MERGED from [com.android.support:support-v4:24.0.0] AndroidManifest.xml:21:5-23:54
MERGED from [com.google.android.gms:play-services-tasks:9.2.1] AndroidManifest.xml:4:5-43
MERGED from [com.google.android.gms:play-services-basement:9.2.1] AndroidManifest.xml:18:5-42
MERGED from [com.android.support:support-v4:24.0.0] AndroidManifest.xml:21:5-23:54
MERGED from [com.google.android.gms:play-services-basement:9.2.1] AndroidManifest.xml:18:5-42
MERGED from [com.android.support:support-v4:24.0.0] AndroidManifest.xml:21:5-23:54
MERGED from [com.google.android.gms:play-services-appinvite:9.2.1] AndroidManifest.xml:18:5-42
MERGED from [com.google.android.gms:play-services-base:9.2.1] AndroidManifest.xml:18:5-42
MERGED from [com.google.android.gms:play-services-basement:9.2.1] AndroidManifest.xml:18:5-42
MERGED from [com.android.support:support-v4:24.0.0] AndroidManifest.xml:21:5-23:54
MERGED from [com.google.android.gms:play-services-tasks:9.2.1] AndroidManifest.xml:4:5-43
MERGED from [com.google.android.gms:play-services-basement:9.2.1] AndroidManifest.xml:18:5-42
MERGED from [com.android.support:support-v4:24.0.0] AndroidManifest.xml:21:5-23:54
MERGED from [com.google.android.gms:play-services-basement:9.2.1] AndroidManifest.xml:18:5-42
MERGED from [com.android.support:support-v4:24.0.0] AndroidManifest.xml:21:5-23:54
MERGED from [com.google.android.gms:play-services-auth:9.2.1] AndroidManifest.xml:18:5-43
MERGED from [com.google.android.gms:play-services-auth-base:9.2.1] AndroidManifest.xml:5:5-43
MERGED from [com.google.android.gms:play-services-base:9.2.1] AndroidManifest.xml:18:5-42
MERGED from [com.google.android.gms:play-services-basement:9.2.1] AndroidManifest.xml:18:5-42
MERGED from [com.android.support:support-v4:24.0.0] AndroidManifest.xml:21:5-23:54
MERGED from [com.google.android.gms:play-services-tasks:9.2.1] AndroidManifest.xml:4:5-43
MERGED from [com.google.android.gms:play-services-basement:9.2.1] AndroidManifest.xml:18:5-42
MERGED from [com.android.support:support-v4:24.0.0] AndroidManifest.xml:21:5-23:54
MERGED from [com.google.android.gms:play-services-basement:9.2.1] AndroidManifest.xml:18:5-42
MERGED from [com.android.support:support-v4:24.0.0] AndroidManifest.xml:21:5-23:54
MERGED from [com.google.android.gms:play-services-base:9.2.1] AndroidManifest.xml:18:5-42
MERGED from [com.google.android.gms:play-services-basement:9.2.1] AndroidManifest.xml:18:5-42
MERGED from [com.android.support:support-v4:24.0.0] AndroidManifest.xml:21:5-23:54
MERGED from [com.google.android.gms:play-services-tasks:9.2.1] AndroidManifest.xml:4:5-43
MERGED from [com.google.android.gms:play-services-basement:9.2.1] AndroidManifest.xml:18:5-42
MERGED from [com.android.support:support-v4:24.0.0] AndroidManifest.xml:21:5-23:54
MERGED from [com.google.android.gms:play-services-basement:9.2.1] AndroidManifest.xml:18:5-42
MERGED from [com.android.support:support-v4:24.0.0] AndroidManifest.xml:21:5-23:54
MERGED from [com.google.android.gms:play-services-auth-base:9.2.1] AndroidManifest.xml:5:5-43
MERGED from [com.google.android.gms:play-services-base:9.2.1] AndroidManifest.xml:18:5-42
MERGED from [com.google.android.gms:play-services-basement:9.2.1] AndroidManifest.xml:18:5-42
MERGED from [com.android.support:support-v4:24.0.0] AndroidManifest.xml:21:5-23:54
MERGED from [com.google.android.gms:play-services-tasks:9.2.1] AndroidManifest.xml:4:5-43
MERGED from [com.google.android.gms:play-services-basement:9.2.1] AndroidManifest.xml:18:5-42
MERGED from [com.android.support:support-v4:24.0.0] AndroidManifest.xml:21:5-23:54
MERGED from [com.google.android.gms:play-services-basement:9.2.1] AndroidManifest.xml:18:5-42
MERGED from [com.android.support:support-v4:24.0.0] AndroidManifest.xml:21:5-23:54
MERGED from [com.google.android.gms:play-services-base:9.2.1] AndroidManifest.xml:18:5-42
MERGED from [com.google.android.gms:play-services-basement:9.2.1] AndroidManifest.xml:18:5-42
MERGED from [com.android.support:support-v4:24.0.0] AndroidManifest.xml:21:5-23:54
MERGED from [com.google.android.gms:play-services-tasks:9.2.1] AndroidManifest.xml:4:5-43
MERGED from [com.google.android.gms:play-services-basement:9.2.1] AndroidManifest.xml:18:5-42
MERGED from [com.android.support:support-v4:24.0.0] AndroidManifest.xml:21:5-23:54
MERGED from [com.google.android.gms:play-services-cast-framework:9.2.1] AndroidManifest.xml:4:5-42
MERGED from [com.google.android.gms:play-services-base:9.2.1] AndroidManifest.xml:18:5-42
MERGED from [com.google.android.gms:play-services-basement:9.2.1] AndroidManifest.xml:18:5-42
MERGED from [com.android.support:support-v4:24.0.0] AndroidManifest.xml:21:5-23:54
MERGED from [com.google.android.gms:play-services-tasks:9.2.1] AndroidManifest.xml:4:5-43
MERGED from [com.google.android.gms:play-services-basement:9.2.1] AndroidManifest.xml:18:5-42
MERGED from [com.android.support:support-v4:24.0.0] AndroidManifest.xml:21:5-23:54
MERGED from [com.google.android.gms:play-services-cast:9.2.1] AndroidManifest.xml:18:5-42
MERGED from [com.google.android.gms:play-services-base:9.2.1] AndroidManifest.xml:18:5-42
MERGED from [com.google.android.gms:play-services-basement:9.2.1] AndroidManifest.xml:18:5-42
MERGED from [com.android.support:support-v4:24.0.0] AndroidManifest.xml:21:5-23:54
MERGED from [com.google.android.gms:play-services-tasks:9.2.1] AndroidManifest.xml:4:5-43
MERGED from [com.google.android.gms:play-services-basement:9.2.1] AndroidManifest.xml:18:5-42
MERGED from [com.android.support:support-v4:24.0.0] AndroidManifest.xml:21:5-23:54
MERGED from [com.google.android.gms:play-services-basement:9.2.1] AndroidManifest.xml:18:5-42
MERGED from [com.android.support:support-v4:24.0.0] AndroidManifest.xml:21:5-23:54
MERGED from [com.android.support:mediarouter-v7:23.0.0] AndroidManifest.xml:20:5-43
MERGED from [com.android.support:appcompat-v7:24.0.0] AndroidManifest.xml:21:5-23:78
MERGED from [com.android.support:support-v4:24.0.0] AndroidManifest.xml:21:5-23:54
MERGED from [com.android.support:support-vector-drawable:24.0.0] AndroidManifest.xml:21:5-43
MERGED from [com.android.support:support-v4:24.0.0] AndroidManifest.xml:21:5-23:54
MERGED from [com.android.support:animated-vector-drawable:24.0.0] AndroidManifest.xml:20:5-44
MERGED from [com.android.support:support-vector-drawable:24.0.0] AndroidManifest.xml:21:5-43
MERGED from [com.android.support:support-v4:24.0.0] AndroidManifest.xml:21:5-23:54
MERGED from [com.google.android.gms:play-services-basement:9.2.1] AndroidManifest.xml:18:5-42
MERGED from [com.android.support:support-v4:24.0.0] AndroidManifest.xml:21:5-23:54
MERGED from [com.google.android.gms:play-services-cast:9.2.1] AndroidManifest.xml:18:5-42
MERGED from [com.google.android.gms:play-services-base:9.2.1] AndroidManifest.xml:18:5-42
MERGED from [com.google.android.gms:play-services-basement:9.2.1] AndroidManifest.xml:18:5-42
MERGED from [com.android.support:support-v4:24.0.0] AndroidManifest.xml:21:5-23:54
MERGED from [com.google.android.gms:play-services-tasks:9.2.1] AndroidManifest.xml:4:5-43
MERGED from [com.google.android.gms:play-services-basement:9.2.1] AndroidManifest.xml:18:5-42
MERGED from [com.android.support:support-v4:24.0.0] AndroidManifest.xml:21:5-23:54
MERGED from [com.google.android.gms:play-services-basement:9.2.1] AndroidManifest.xml:18:5-42
MERGED from [com.android.support:support-v4:24.0.0] AndroidManifest.xml:21:5-23:54
MERGED from [com.android.support:mediarouter-v7:23.0.0] AndroidManifest.xml:20:5-43
MERGED from [com.android.support:appcompat-v7:24.0.0] AndroidManifest.xml:21:5-23:78
MERGED from [com.android.support:support-v4:24.0.0] AndroidManifest.xml:21:5-23:54
MERGED from [com.android.support:support-vector-drawable:24.0.0] AndroidManifest.xml:21:5-43
MERGED from [com.android.support:support-v4:24.0.0] AndroidManifest.xml:21:5-23:54
MERGED from [com.android.support:animated-vector-drawable:24.0.0] AndroidManifest.xml:20:5-44
MERGED from [com.android.support:support-vector-drawable:24.0.0] AndroidManifest.xml:21:5-43
MERGED from [com.android.support:support-v4:24.0.0] AndroidManifest.xml:21:5-23:54
MERGED from [com.google.android.gms:play-services-clearcut:9.2.1] AndroidManifest.xml:18:5-42
MERGED from [com.google.android.gms:play-services-base:9.2.1] AndroidManifest.xml:18:5-42
MERGED from [com.google.android.gms:play-services-basement:9.2.1] AndroidManifest.xml:18:5-42
MERGED from [com.android.support:support-v4:24.0.0] AndroidManifest.xml:21:5-23:54
MERGED from [com.google.android.gms:play-services-tasks:9.2.1] AndroidManifest.xml:4:5-43
MERGED from [com.google.android.gms:play-services-basement:9.2.1] AndroidManifest.xml:18:5-42
MERGED from [com.android.support:support-v4:24.0.0] AndroidManifest.xml:21:5-23:54
MERGED from [com.google.android.gms:play-services-basement:9.2.1] AndroidManifest.xml:18:5-42
MERGED from [com.android.support:support-v4:24.0.0] AndroidManifest.xml:21:5-23:54
MERGED from [com.google.android.gms:play-services-basement:9.2.1] AndroidManifest.xml:18:5-42
MERGED from [com.android.support:support-v4:24.0.0] AndroidManifest.xml:21:5-23:54
MERGED from [com.google.firebase:firebase-config:9.2.1] AndroidManifest.xml:18:5-42
MERGED from [com.google.android.gms:play-services-base:9.2.1] AndroidManifest.xml:18:5-42
MERGED from [com.google.android.gms:play-services-basement:9.2.1] AndroidManifest.xml:18:5-42
MERGED from [com.android.support:support-v4:24.0.0] AndroidManifest.xml:21:5-23:54
MERGED from [com.google.android.gms:play-services-tasks:9.2.1] AndroidManifest.xml:4:5-43
MERGED from [com.google.android.gms:play-services-basement:9.2.1] AndroidManifest.xml:18:5-42
MERGED from [com.android.support:support-v4:24.0.0] AndroidManifest.xml:21:5-23:54
MERGED from [com.google.android.gms:play-services-basement:9.2.1] AndroidManifest.xml:18:5-42
MERGED from [com.android.support:support-v4:24.0.0] AndroidManifest.xml:21:5-23:54
MERGED from [com.google.firebase:firebase-iid:9.2.1] AndroidManifest.xml:18:5-42
MERGED from [com.google.android.gms:play-services-basement:9.2.1] AndroidManifest.xml:18:5-42
MERGED from [com.android.support:support-v4:24.0.0] AndroidManifest.xml:21:5-23:54
MERGED from [com.google.firebase:firebase-common:9.2.1] AndroidManifest.xml:4:5-43
MERGED from [com.google.android.gms:play-services-basement:9.2.1] AndroidManifest.xml:18:5-42
MERGED from [com.android.support:support-v4:24.0.0] AndroidManifest.xml:21:5-23:54
MERGED from [com.google.android.gms:play-services-tasks:9.2.1] AndroidManifest.xml:4:5-43
MERGED from [com.google.android.gms:play-services-basement:9.2.1] AndroidManifest.xml:18:5-42
MERGED from [com.android.support:support-v4:24.0.0] AndroidManifest.xml:21:5-23:54
MERGED from [com.google.firebase:firebase-common:9.2.1] AndroidManifest.xml:4:5-43
MERGED from [com.google.android.gms:play-services-basement:9.2.1] AndroidManifest.xml:18:5-42
MERGED from [com.android.support:support-v4:24.0.0] AndroidManifest.xml:21:5-23:54
MERGED from [com.google.android.gms:play-services-tasks:9.2.1] AndroidManifest.xml:4:5-43
MERGED from [com.google.android.gms:play-services-basement:9.2.1] AndroidManifest.xml:18:5-42
MERGED from [com.android.support:support-v4:24.0.0] AndroidManifest.xml:21:5-23:54
MERGED from [com.google.android.gms:play-services-tasks:9.2.1] AndroidManifest.xml:4:5-43
MERGED from [com.google.android.gms:play-services-basement:9.2.1] AndroidManifest.xml:18:5-42
MERGED from [com.android.support:support-v4:24.0.0] AndroidManifest.xml:21:5-23:54
MERGED from [com.google.android.gms:play-services-contextmanager:9.2.1] AndroidManifest.xml:18:5-42
MERGED from [com.google.android.gms:play-services-base:9.2.1] AndroidManifest.xml:18:5-42
MERGED from [com.google.android.gms:play-services-basement:9.2.1] AndroidManifest.xml:18:5-42
MERGED from [com.android.support:support-v4:24.0.0] AndroidManifest.xml:21:5-23:54
MERGED from [com.google.android.gms:play-services-tasks:9.2.1] AndroidManifest.xml:4:5-43
MERGED from [com.google.android.gms:play-services-basement:9.2.1] AndroidManifest.xml:18:5-42
MERGED from [com.android.support:support-v4:24.0.0] AndroidManifest.xml:21:5-23:54
MERGED from [com.google.android.gms:play-services-basement:9.2.1] AndroidManifest.xml:18:5-42
MERGED from [com.android.support:support-v4:24.0.0] AndroidManifest.xml:21:5-23:54
MERGED from [com.google.android.gms:play-services-location:9.2.1] AndroidManifest.xml:18:5-42
MERGED from [com.google.android.gms:play-services-base:9.2.1] AndroidManifest.xml:18:5-42
MERGED from [com.google.android.gms:play-services-basement:9.2.1] AndroidManifest.xml:18:5-42
MERGED from [com.android.support:support-v4:24.0.0] AndroidManifest.xml:21:5-23:54
MERGED from [com.google.android.gms:play-services-tasks:9.2.1] AndroidManifest.xml:4:5-43
MERGED from [com.google.android.gms:play-services-basement:9.2.1] AndroidManifest.xml:18:5-42
MERGED from [com.android.support:support-v4:24.0.0] AndroidManifest.xml:21:5-23:54
MERGED from [com.google.android.gms:play-services-basement:9.2.1] AndroidManifest.xml:18:5-42
MERGED from [com.android.support:support-v4:24.0.0] AndroidManifest.xml:21:5-23:54
MERGED from [com.google.android.gms:play-services-places:9.2.1] AndroidManifest.xml:18:5-42
MERGED from [com.google.android.gms:play-services-base:9.2.1] AndroidManifest.xml:18:5-42
MERGED from [com.google.android.gms:play-services-basement:9.2.1] AndroidManifest.xml:18:5-42
MERGED from [com.android.support:support-v4:24.0.0] AndroidManifest.xml:21:5-23:54
MERGED from [com.google.android.gms:play-services-tasks:9.2.1] AndroidManifest.xml:4:5-43
MERGED from [com.google.android.gms:play-services-basement:9.2.1] AndroidManifest.xml:18:5-42
MERGED from [com.android.support:support-v4:24.0.0] AndroidManifest.xml:21:5-23:54
MERGED from [com.google.android.gms:play-services-basement:9.2.1] AndroidManifest.xml:18:5-42
MERGED from [com.android.support:support-v4:24.0.0] AndroidManifest.xml:21:5-23:54
MERGED from [com.google.android.gms:play-services-maps:9.2.1] AndroidManifest.xml:26:5-42
MERGED from [com.google.android.gms:play-services-base:9.2.1] AndroidManifest.xml:18:5-42
MERGED from [com.google.android.gms:play-services-basement:9.2.1] AndroidManifest.xml:18:5-42
MERGED from [com.android.support:support-v4:24.0.0] AndroidManifest.xml:21:5-23:54
MERGED from [com.google.android.gms:play-services-tasks:9.2.1] AndroidManifest.xml:4:5-43
MERGED from [com.google.android.gms:play-services-basement:9.2.1] AndroidManifest.xml:18:5-42
MERGED from [com.android.support:support-v4:24.0.0] AndroidManifest.xml:21:5-23:54
MERGED from [com.google.android.gms:play-services-basement:9.2.1] AndroidManifest.xml:18:5-42
MERGED from [com.android.support:support-v4:24.0.0] AndroidManifest.xml:21:5-23:54
MERGED from [com.google.firebase:firebase-crash:9.2.1] AndroidManifest.xml:22:5-42
MERGED from [com.google.android.gms:play-services-base:9.2.1] AndroidManifest.xml:18:5-42
MERGED from [com.google.android.gms:play-services-basement:9.2.1] AndroidManifest.xml:18:5-42
MERGED from [com.android.support:support-v4:24.0.0] AndroidManifest.xml:21:5-23:54
MERGED from [com.google.android.gms:play-services-tasks:9.2.1] AndroidManifest.xml:4:5-43
MERGED from [com.google.android.gms:play-services-basement:9.2.1] AndroidManifest.xml:18:5-42
MERGED from [com.android.support:support-v4:24.0.0] AndroidManifest.xml:21:5-23:54
MERGED from [com.google.android.gms:play-services-basement:9.2.1] AndroidManifest.xml:18:5-42
MERGED from [com.android.support:support-v4:24.0.0] AndroidManifest.xml:21:5-23:54
MERGED from [com.google.firebase:firebase-iid:9.2.1] AndroidManifest.xml:18:5-42
MERGED from [com.google.android.gms:play-services-basement:9.2.1] AndroidManifest.xml:18:5-42
MERGED from [com.android.support:support-v4:24.0.0] AndroidManifest.xml:21:5-23:54
MERGED from [com.google.firebase:firebase-common:9.2.1] AndroidManifest.xml:4:5-43
MERGED from [com.google.android.gms:play-services-basement:9.2.1] AndroidManifest.xml:18:5-42
MERGED from [com.android.support:support-v4:24.0.0] AndroidManifest.xml:21:5-23:54
MERGED from [com.google.android.gms:play-services-tasks:9.2.1] AndroidManifest.xml:4:5-43
MERGED from [com.google.android.gms:play-services-basement:9.2.1] AndroidManifest.xml:18:5-42
MERGED from [com.android.support:support-v4:24.0.0] AndroidManifest.xml:21:5-23:54
MERGED from [com.google.firebase:firebase-common:9.2.1] AndroidManifest.xml:4:5-43
MERGED from [com.google.android.gms:play-services-basement:9.2.1] AndroidManifest.xml:18:5-42
MERGED from [com.android.support:support-v4:24.0.0] AndroidManifest.xml:21:5-23:54
MERGED from [com.google.android.gms:play-services-tasks:9.2.1] AndroidManifest.xml:4:5-43
MERGED from [com.google.android.gms:play-services-basement:9.2.1] AndroidManifest.xml:18:5-42
MERGED from [com.android.support:support-v4:24.0.0] AndroidManifest.xml:21:5-23:54
MERGED from [com.google.firebase:firebase-analytics:9.2.1] AndroidManifest.xml:18:5-42
MERGED from [com.google.android.gms:play-services-basement:9.2.1] AndroidManifest.xml:18:5-42
MERGED from [com.android.support:support-v4:24.0.0] AndroidManifest.xml:21:5-23:54
MERGED from [com.google.firebase:firebase-common:9.2.1] AndroidManifest.xml:4:5-43
MERGED from [com.google.android.gms:play-services-basement:9.2.1] AndroidManifest.xml:18:5-42
MERGED from [com.android.support:support-v4:24.0.0] AndroidManifest.xml:21:5-23:54
MERGED from [com.google.android.gms:play-services-tasks:9.2.1] AndroidManifest.xml:4:5-43
MERGED from [com.google.android.gms:play-services-basement:9.2.1] AndroidManifest.xml:18:5-42
MERGED from [com.android.support:support-v4:24.0.0] AndroidManifest.xml:21:5-23:54
MERGED from [com.google.firebase:firebase-analytics-impl:9.2.1] AndroidManifest.xml:18:5-42
MERGED from [com.google.android.gms:play-services-basement:9.2.1] AndroidManifest.xml:18:5-42
MERGED from [com.android.support:support-v4:24.0.0] AndroidManifest.xml:21:5-23:54
MERGED from [com.google.firebase:firebase-iid:9.2.1] AndroidManifest.xml:18:5-42
MERGED from [com.google.android.gms:play-services-basement:9.2.1] AndroidManifest.xml:18:5-42
MERGED from [com.android.support:support-v4:24.0.0] AndroidManifest.xml:21:5-23:54
MERGED from [com.google.firebase:firebase-common:9.2.1] AndroidManifest.xml:4:5-43
MERGED from [com.google.android.gms:play-services-basement:9.2.1] AndroidManifest.xml:18:5-42
MERGED from [com.android.support:support-v4:24.0.0] AndroidManifest.xml:21:5-23:54
MERGED from [com.google.android.gms:play-services-tasks:9.2.1] AndroidManifest.xml:4:5-43
MERGED from [com.google.android.gms:play-services-basement:9.2.1] AndroidManifest.xml:18:5-42
MERGED from [com.android.support:support-v4:24.0.0] AndroidManifest.xml:21:5-23:54
MERGED from [com.google.firebase:firebase-common:9.2.1] AndroidManifest.xml:4:5-43
MERGED from [com.google.android.gms:play-services-basement:9.2.1] AndroidManifest.xml:18:5-42
MERGED from [com.android.support:support-v4:24.0.0] AndroidManifest.xml:21:5-23:54
MERGED from [com.google.android.gms:play-services-tasks:9.2.1] AndroidManifest.xml:4:5-43
MERGED from [com.google.android.gms:play-services-basement:9.2.1] AndroidManifest.xml:18:5-42
MERGED from [com.android.support:support-v4:24.0.0] AndroidManifest.xml:21:5-23:54
MERGED from [com.google.android.gms:play-services-drive:9.2.1] AndroidManifest.xml:18:5-42
MERGED from [com.google.android.gms:play-services-base:9.2.1] AndroidManifest.xml:18:5-42
MERGED from [com.google.android.gms:play-services-basement:9.2.1] AndroidManifest.xml:18:5-42
MERGED from [com.android.support:support-v4:24.0.0] AndroidManifest.xml:21:5-23:54
MERGED from [com.google.android.gms:play-services-tasks:9.2.1] AndroidManifest.xml:4:5-43
MERGED from [com.google.android.gms:play-services-basement:9.2.1] AndroidManifest.xml:18:5-42
MERGED from [com.android.support:support-v4:24.0.0] AndroidManifest.xml:21:5-23:54
MERGED from [com.google.android.gms:play-services-basement:9.2.1] AndroidManifest.xml:18:5-42
MERGED from [com.android.support:support-v4:24.0.0] AndroidManifest.xml:21:5-23:54
MERGED from [com.google.firebase:firebase-auth:9.2.1] AndroidManifest.xml:18:5-43
MERGED from [com.google.android.gms:play-services-base:9.2.1] AndroidManifest.xml:18:5-42
MERGED from [com.google.android.gms:play-services-basement:9.2.1] AndroidManifest.xml:18:5-42
MERGED from [com.android.support:support-v4:24.0.0] AndroidManifest.xml:21:5-23:54
MERGED from [com.google.android.gms:play-services-tasks:9.2.1] AndroidManifest.xml:4:5-43
MERGED from [com.google.android.gms:play-services-basement:9.2.1] AndroidManifest.xml:18:5-42
MERGED from [com.android.support:support-v4:24.0.0] AndroidManifest.xml:21:5-23:54
MERGED from [com.google.android.gms:play-services-basement:9.2.1] AndroidManifest.xml:18:5-42
MERGED from [com.android.support:support-v4:24.0.0] AndroidManifest.xml:21:5-23:54
MERGED from [com.google.firebase:firebase-auth-common:9.2.1] AndroidManifest.xml:18:5-43
MERGED from [com.google.android.gms:play-services-base:9.2.1] AndroidManifest.xml:18:5-42
MERGED from [com.google.android.gms:play-services-basement:9.2.1] AndroidManifest.xml:18:5-42
MERGED from [com.android.support:support-v4:24.0.0] AndroidManifest.xml:21:5-23:54
MERGED from [com.google.android.gms:play-services-tasks:9.2.1] AndroidManifest.xml:4:5-43
MERGED from [com.google.android.gms:play-services-basement:9.2.1] AndroidManifest.xml:18:5-42
MERGED from [com.android.support:support-v4:24.0.0] AndroidManifest.xml:21:5-23:54
MERGED from [com.google.android.gms:play-services-basement:9.2.1] AndroidManifest.xml:18:5-42
MERGED from [com.android.support:support-v4:24.0.0] AndroidManifest.xml:21:5-23:54
MERGED from [com.google.firebase:firebase-auth-module:9.2.1] AndroidManifest.xml:4:5-43
MERGED from [com.google.android.gms:play-services-base:9.2.1] AndroidManifest.xml:18:5-42
MERGED from [com.google.android.gms:play-services-basement:9.2.1] AndroidManifest.xml:18:5-42
MERGED from [com.android.support:support-v4:24.0.0] AndroidManifest.xml:21:5-23:54
MERGED from [com.google.android.gms:play-services-tasks:9.2.1] AndroidManifest.xml:4:5-43
MERGED from [com.google.android.gms:play-services-basement:9.2.1] AndroidManifest.xml:18:5-42
MERGED from [com.android.support:support-v4:24.0.0] AndroidManifest.xml:21:5-23:54
MERGED from [com.google.android.gms:play-services-basement:9.2.1] AndroidManifest.xml:18:5-42
MERGED from [com.android.support:support-v4:24.0.0] AndroidManifest.xml:21:5-23:54
MERGED from [com.google.firebase:firebase-common:9.2.1] AndroidManifest.xml:4:5-43
MERGED from [com.google.android.gms:play-services-basement:9.2.1] AndroidManifest.xml:18:5-42
MERGED from [com.android.support:support-v4:24.0.0] AndroidManifest.xml:21:5-23:54
MERGED from [com.google.android.gms:play-services-tasks:9.2.1] AndroidManifest.xml:4:5-43
MERGED from [com.google.android.gms:play-services-basement:9.2.1] AndroidManifest.xml:18:5-42
MERGED from [com.android.support:support-v4:24.0.0] AndroidManifest.xml:21:5-23:54
MERGED from [com.google.firebase:firebase-auth-module:9.2.1] AndroidManifest.xml:4:5-43
MERGED from [com.google.android.gms:play-services-base:9.2.1] AndroidManifest.xml:18:5-42
MERGED from [com.google.android.gms:play-services-basement:9.2.1] AndroidManifest.xml:18:5-42
MERGED from [com.android.support:support-v4:24.0.0] AndroidManifest.xml:21:5-23:54
MERGED from [com.google.android.gms:play-services-tasks:9.2.1] AndroidManifest.xml:4:5-43
MERGED from [com.google.android.gms:play-services-basement:9.2.1] AndroidManifest.xml:18:5-42
MERGED from [com.android.support:support-v4:24.0.0] AndroidManifest.xml:21:5-23:54
MERGED from [com.google.android.gms:play-services-basement:9.2.1] AndroidManifest.xml:18:5-42
MERGED from [com.android.support:support-v4:24.0.0] AndroidManifest.xml:21:5-23:54
MERGED from [com.google.firebase:firebase-common:9.2.1] AndroidManifest.xml:4:5-43
MERGED from [com.google.android.gms:play-services-basement:9.2.1] AndroidManifest.xml:18:5-42
MERGED from [com.android.support:support-v4:24.0.0] AndroidManifest.xml:21:5-23:54
MERGED from [com.google.android.gms:play-services-tasks:9.2.1] AndroidManifest.xml:4:5-43
MERGED from [com.google.android.gms:play-services-basement:9.2.1] AndroidManifest.xml:18:5-42
MERGED from [com.android.support:support-v4:24.0.0] AndroidManifest.xml:21:5-23:54
MERGED from [com.google.android.gms:play-services-tasks:9.2.1] AndroidManifest.xml:4:5-43
MERGED from [com.google.android.gms:play-services-basement:9.2.1] AndroidManifest.xml:18:5-42
MERGED from [com.android.support:support-v4:24.0.0] AndroidManifest.xml:21:5-23:54
MERGED from [com.google.firebase:firebase-auth-common:9.2.1] AndroidManifest.xml:18:5-43